{"C:\\Users\\unnic\\dev\\stellar-burgers\\src\\services\\slices\\burgerSlice\\burgerSlice.ts": {"path":"C:\\Users\\unnic\\dev\\stellar-burgers\\src\\services\\slices\\burgerSlice\\burgerSlice.ts","all":false,"statementMap":{"0":{"start":{"line":1,"column":0},"end":{"line":1,"column":8}},"1":{"start":{"line":2,"column":0},"end":{"line":2,"column":14}},"2":{"start":{"line":3,"column":0},"end":{"line":3,"column":16}},"3":{"start":{"line":4,"column":0},"end":{"line":4,"column":9}},"4":{"start":{"line":5,"column":0},"end":{"line":5,"column":16}},"5":{"start":{"line":6,"column":0},"end":{"line":6,"column":26}},"6":{"start":{"line":7,"column":0},"end":{"line":7,"column":35}},"7":{"start":{"line":8,"column":0},"end":{"line":8,"column":0}},"8":{"start":{"line":9,"column":0},"end":{"line":9,"column":67}},"9":{"start":{"line":10,"column":0},"end":{"line":10,"column":0}},"10":{"start":{"line":11,"column":0},"end":{"line":11,"column":33}},"11":{"start":{"line":12,"column":0},"end":{"line":12,"column":37}},"12":{"start":{"line":13,"column":0},"end":{"line":13,"column":40}},"13":{"start":{"line":14,"column":0},"end":{"line":14,"column":2}},"14":{"start":{"line":15,"column":0},"end":{"line":15,"column":0}},"15":{"start":{"line":16,"column":0},"end":{"line":16,"column":48}},"16":{"start":{"line":17,"column":0},"end":{"line":17,"column":12}},"17":{"start":{"line":18,"column":0},"end":{"line":18,"column":17}},"18":{"start":{"line":19,"column":0},"end":{"line":19,"column":2}},"19":{"start":{"line":20,"column":0},"end":{"line":20,"column":0}},"20":{"start":{"line":21,"column":0},"end":{"line":21,"column":40}},"21":{"start":{"line":22,"column":0},"end":{"line":22,"column":17}},"22":{"start":{"line":23,"column":0},"end":{"line":23,"column":15}},"23":{"start":{"line":24,"column":0},"end":{"line":24,"column":13}},"24":{"start":{"line":25,"column":0},"end":{"line":25,"column":20}},"25":{"start":{"line":26,"column":0},"end":{"line":26,"column":79}},"26":{"start":{"line":27,"column":0},"end":{"line":27,"column":37}},"27":{"start":{"line":28,"column":0},"end":{"line":28,"column":30}},"28":{"start":{"line":29,"column":0},"end":{"line":29,"column":16}},"29":{"start":{"line":30,"column":0},"end":{"line":30,"column":42}},"30":{"start":{"line":31,"column":0},"end":{"line":31,"column":9}},"31":{"start":{"line":32,"column":0},"end":{"line":32,"column":8}},"32":{"start":{"line":33,"column":0},"end":{"line":33,"column":45}},"33":{"start":{"line":34,"column":0},"end":{"line":34,"column":28}},"34":{"start":{"line":35,"column":0},"end":{"line":35,"column":50}},"35":{"start":{"line":36,"column":0},"end":{"line":36,"column":7}},"36":{"start":{"line":37,"column":0},"end":{"line":37,"column":6}},"37":{"start":{"line":38,"column":0},"end":{"line":38,"column":0}},"38":{"start":{"line":39,"column":0},"end":{"line":39,"column":70}},"39":{"start":{"line":40,"column":0},"end":{"line":40,"column":51}},"40":{"start":{"line":41,"column":0},"end":{"line":41,"column":49}},"41":{"start":{"line":42,"column":0},"end":{"line":42,"column":8}},"42":{"start":{"line":43,"column":0},"end":{"line":43,"column":6}},"43":{"start":{"line":44,"column":0},"end":{"line":44,"column":0}},"44":{"start":{"line":45,"column":0},"end":{"line":45,"column":47}},"45":{"start":{"line":46,"column":0},"end":{"line":46,"column":26}},"46":{"start":{"line":47,"column":0},"end":{"line":47,"column":15}},"47":{"start":{"line":48,"column":0},"end":{"line":48,"column":59}},"48":{"start":{"line":49,"column":0},"end":{"line":49,"column":13}},"49":{"start":{"line":50,"column":0},"end":{"line":50,"column":61}},"50":{"start":{"line":51,"column":0},"end":{"line":51,"column":55}},"51":{"start":{"line":52,"column":0},"end":{"line":52,"column":11}},"52":{"start":{"line":53,"column":0},"end":{"line":53,"column":35}},"53":{"start":{"line":54,"column":0},"end":{"line":54,"column":47}},"54":{"start":{"line":55,"column":0},"end":{"line":55,"column":52}},"55":{"start":{"line":56,"column":0},"end":{"line":56,"column":60}},"56":{"start":{"line":57,"column":0},"end":{"line":57,"column":10}},"57":{"start":{"line":58,"column":0},"end":{"line":58,"column":9}},"58":{"start":{"line":59,"column":0},"end":{"line":59,"column":28}},"59":{"start":{"line":60,"column":0},"end":{"line":60,"column":15}},"60":{"start":{"line":61,"column":0},"end":{"line":61,"column":59}},"61":{"start":{"line":62,"column":0},"end":{"line":62,"column":13}},"62":{"start":{"line":63,"column":0},"end":{"line":63,"column":61}},"63":{"start":{"line":64,"column":0},"end":{"line":64,"column":55}},"64":{"start":{"line":65,"column":0},"end":{"line":65,"column":11}},"65":{"start":{"line":66,"column":0},"end":{"line":66,"column":62}},"66":{"start":{"line":67,"column":0},"end":{"line":67,"column":47}},"67":{"start":{"line":68,"column":0},"end":{"line":68,"column":52}},"68":{"start":{"line":69,"column":0},"end":{"line":69,"column":60}},"69":{"start":{"line":70,"column":0},"end":{"line":70,"column":10}},"70":{"start":{"line":71,"column":0},"end":{"line":71,"column":8}},"71":{"start":{"line":72,"column":0},"end":{"line":72,"column":65}},"72":{"start":{"line":73,"column":0},"end":{"line":73,"column":39}},"73":{"start":{"line":74,"column":0},"end":{"line":74,"column":27}},"74":{"start":{"line":75,"column":0},"end":{"line":75,"column":15}},"75":{"start":{"line":76,"column":0},"end":{"line":76,"column":7}},"76":{"start":{"line":77,"column":0},"end":{"line":77,"column":39}},"77":{"start":{"line":78,"column":0},"end":{"line":78,"column":58}},"78":{"start":{"line":79,"column":0},"end":{"line":79,"column":45}},"79":{"start":{"line":80,"column":0},"end":{"line":80,"column":62}},"80":{"start":{"line":81,"column":0},"end":{"line":81,"column":6}},"81":{"start":{"line":82,"column":0},"end":{"line":82,"column":67}},"82":{"start":{"line":83,"column":0},"end":{"line":83,"column":39}},"83":{"start":{"line":84,"column":0},"end":{"line":84,"column":54}},"84":{"start":{"line":85,"column":0},"end":{"line":85,"column":15}},"85":{"start":{"line":86,"column":0},"end":{"line":86,"column":7}},"86":{"start":{"line":87,"column":0},"end":{"line":87,"column":39}},"87":{"start":{"line":88,"column":0},"end":{"line":88,"column":58}},"88":{"start":{"line":89,"column":0},"end":{"line":89,"column":45}},"89":{"start":{"line":90,"column":0},"end":{"line":90,"column":62}},"90":{"start":{"line":91,"column":0},"end":{"line":91,"column":5}},"91":{"start":{"line":92,"column":0},"end":{"line":92,"column":3}},"92":{"start":{"line":93,"column":0},"end":{"line":93,"column":17}},"93":{"start":{"line":94,"column":0},"end":{"line":94,"column":39}},"94":{"start":{"line":95,"column":0},"end":{"line":95,"column":64}},"95":{"start":{"line":96,"column":0},"end":{"line":96,"column":6}},"96":{"start":{"line":97,"column":0},"end":{"line":97,"column":3}},"97":{"start":{"line":98,"column":0},"end":{"line":98,"column":0}},"98":{"start":{"line":99,"column":0},"end":{"line":99,"column":14}},"99":{"start":{"line":100,"column":0},"end":{"line":100,"column":16}},"100":{"start":{"line":101,"column":0},"end":{"line":101,"column":19}},"101":{"start":{"line":102,"column":0},"end":{"line":102,"column":25}},"102":{"start":{"line":103,"column":0},"end":{"line":103,"column":19}},"103":{"start":{"line":104,"column":0},"end":{"line":104,"column":20}},"104":{"start":{"line":105,"column":0},"end":{"line":105,"column":24}},"105":{"start":{"line":106,"column":0},"end":{"line":106,"column":0}},"106":{"start":{"line":107,"column":0},"end":{"line":107,"column":61}},"107":{"start":{"line":108,"column":0},"end":{"line":108,"column":0}},"108":{"start":{"line":109,"column":0},"end":{"line":109,"column":40}},"109":{"start":{"line":110,"column":0},"end":{"line":110,"column":22}},"110":{"start":{"line":111,"column":0},"end":{"line":111,"column":24}},"111":{"start":{"line":112,"column":0},"end":{"line":112,"column":2}},"112":{"start":{"line":113,"column":0},"end":{"line":113,"column":0}},"113":{"start":{"line":114,"column":0},"end":{"line":114,"column":58}},"114":{"start":{"line":115,"column":0},"end":{"line":115,"column":22}},"115":{"start":{"line":116,"column":0},"end":{"line":116,"column":32}},"116":{"start":{"line":117,"column":0},"end":{"line":117,"column":2}},"117":{"start":{"line":118,"column":0},"end":{"line":118,"column":0}},"118":{"start":{"line":119,"column":0},"end":{"line":119,"column":54}}},"s":{"0":1,"1":1,"2":1,"3":1,"4":1,"5":1,"6":1,"7":1,"8":1,"9":1,"10":1,"11":1,"12":1,"13":1,"14":1,"15":1,"16":1,"17":1,"18":1,"19":1,"20":1,"21":1,"22":1,"23":1,"24":1,"25":1,"26":16,"27":5,"28":16,"29":11,"30":11,"31":1,"32":1,"33":16,"34":16,"35":16,"36":1,"37":1,"38":1,"39":3,"40":3,"41":3,"42":1,"43":1,"44":1,"45":1,"46":1,"47":1,"48":1,"49":1,"50":1,"51":1,"52":1,"53":1,"54":1,"55":1,"56":1,"57":1,"58":1,"59":1,"60":1,"61":1,"62":1,"63":1,"64":1,"65":1,"66":1,"67":1,"68":1,"69":1,"70":1,"71":1,"72":2,"73":2,"74":1,"75":1,"76":1,"77":1,"78":1,"79":1,"80":1,"81":1,"82":2,"83":2,"84":1,"85":1,"86":1,"87":1,"88":1,"89":1,"90":1,"91":1,"92":1,"93":1,"94":1,"95":1,"96":1,"97":1,"98":1,"99":1,"100":1,"101":1,"102":1,"103":1,"104":1,"105":1,"106":1,"107":1,"108":1,"109":1,"110":1,"111":1,"112":1,"113":1,"114":1,"115":1,"116":1,"117":1,"118":1},"branchMap":{"0":{"type":"branch","line":26,"loc":{"start":{"line":26,"column":15},"end":{"line":32,"column":7}},"locations":[{"start":{"line":26,"column":15},"end":{"line":32,"column":7}}]},"1":{"type":"branch","line":27,"loc":{"start":{"line":27,"column":36},"end":{"line":29,"column":9}},"locations":[{"start":{"line":27,"column":36},"end":{"line":29,"column":9}}]},"2":{"type":"branch","line":29,"loc":{"start":{"line":29,"column":9},"end":{"line":31,"column":9}},"locations":[{"start":{"line":29,"column":9},"end":{"line":31,"column":9}}]},"3":{"type":"branch","line":33,"loc":{"start":{"line":33,"column":15},"end":{"line":36,"column":7}},"locations":[{"start":{"line":33,"column":15},"end":{"line":36,"column":7}}]},"4":{"type":"branch","line":39,"loc":{"start":{"line":39,"column":22},"end":{"line":43,"column":5}},"locations":[{"start":{"line":39,"column":22},"end":{"line":43,"column":5}}]},"5":{"type":"branch","line":41,"loc":{"start":{"line":41,"column":8},"end":{"line":41,"column":49}},"locations":[{"start":{"line":41,"column":8},"end":{"line":41,"column":49}}]},"6":{"type":"branch","line":45,"loc":{"start":{"line":45,"column":28},"end":{"line":45,"column":47}},"locations":[{"start":{"line":45,"column":28},"end":{"line":45,"column":47}}]},"7":{"type":"branch","line":72,"loc":{"start":{"line":72,"column":22},"end":{"line":81,"column":5}},"locations":[{"start":{"line":72,"column":22},"end":{"line":81,"column":5}}]},"8":{"type":"branch","line":74,"loc":{"start":{"line":74,"column":26},"end":{"line":81,"column":5}},"locations":[{"start":{"line":74,"column":26},"end":{"line":81,"column":5}}]},"9":{"type":"branch","line":82,"loc":{"start":{"line":82,"column":24},"end":{"line":91,"column":5}},"locations":[{"start":{"line":82,"column":24},"end":{"line":91,"column":5}}]},"10":{"type":"branch","line":84,"loc":{"start":{"line":84,"column":53},"end":{"line":91,"column":5}},"locations":[{"start":{"line":84,"column":53},"end":{"line":91,"column":5}}]},"11":{"type":"branch","line":107,"loc":{"start":{"line":107,"column":26},"end":{"line":107,"column":61}},"locations":[{"start":{"line":107,"column":26},"end":{"line":107,"column":61}}]},"12":{"type":"branch","line":111,"loc":{"start":{"line":111,"column":2},"end":{"line":112,"column":1}},"locations":[{"start":{"line":111,"column":2},"end":{"line":112,"column":1}}]},"13":{"type":"branch","line":116,"loc":{"start":{"line":116,"column":2},"end":{"line":117,"column":1}},"locations":[{"start":{"line":116,"column":2},"end":{"line":117,"column":1}}]}},"b":{"0":[16],"1":[5],"2":[11],"3":[16],"4":[3],"5":[3],"6":[2],"7":[2],"8":[1],"9":[2],"10":[1],"11":[2],"12":[1],"13":[1]},"fnMap":{"0":{"name":"reducer","decl":{"start":{"line":26,"column":15},"end":{"line":32,"column":7}},"loc":{"start":{"line":26,"column":15},"end":{"line":32,"column":7}},"line":26},"1":{"name":"prepare","decl":{"start":{"line":33,"column":15},"end":{"line":36,"column":7}},"loc":{"start":{"line":33,"column":15},"end":{"line":36,"column":7}},"line":33},"2":{"name":"deleteIngredient","decl":{"start":{"line":39,"column":22},"end":{"line":43,"column":5}},"loc":{"start":{"line":39,"column":22},"end":{"line":43,"column":5}},"line":39},"3":{"name":"clearBurgerConstructor","decl":{"start":{"line":45,"column":28},"end":{"line":45,"column":47}},"loc":{"start":{"line":45,"column":28},"end":{"line":45,"column":47}},"line":45},"4":{"name":"moveIngredientUp","decl":{"start":{"line":72,"column":22},"end":{"line":81,"column":5}},"loc":{"start":{"line":72,"column":22},"end":{"line":81,"column":5}},"line":72},"5":{"name":"moveIngredientDown","decl":{"start":{"line":82,"column":24},"end":{"line":91,"column":5}},"loc":{"start":{"line":82,"column":24},"end":{"line":91,"column":5}},"line":82},"6":{"name":"selectBurgerSlice","decl":{"start":{"line":107,"column":26},"end":{"line":107,"column":61}},"loc":{"start":{"line":107,"column":26},"end":{"line":107,"column":61}},"line":107}},"f":{"0":16,"1":16,"2":3,"3":2,"4":2,"5":2,"6":2}}
,"C:\\Users\\unnic\\dev\\stellar-burgers\\src\\services\\slices\\burgerSlice\\test-utils.ts": {"path":"C:\\Users\\unnic\\dev\\stellar-burgers\\src\\services\\slices\\burgerSlice\\test-utils.ts","all":false,"statementMap":{"0":{"start":{"line":1,"column":0},"end":{"line":1,"column":42}},"1":{"start":{"line":2,"column":0},"end":{"line":2,"column":8}},"2":{"start":{"line":3,"column":0},"end":{"line":3,"column":14}},"3":{"start":{"line":4,"column":0},"end":{"line":4,"column":24}},"4":{"start":{"line":5,"column":0},"end":{"line":5,"column":37}},"5":{"start":{"line":6,"column":0},"end":{"line":6,"column":0}},"6":{"start":{"line":7,"column":0},"end":{"line":7,"column":37}},"7":{"start":{"line":8,"column":0},"end":{"line":8,"column":34}},"8":{"start":{"line":9,"column":0},"end":{"line":9,"column":19}},"9":{"start":{"line":10,"column":0},"end":{"line":10,"column":42}},"10":{"start":{"line":11,"column":0},"end":{"line":11,"column":36}},"11":{"start":{"line":12,"column":0},"end":{"line":12,"column":35}},"12":{"start":{"line":13,"column":0},"end":{"line":13,"column":16}},"13":{"start":{"line":14,"column":0},"end":{"line":14,"column":17}},"14":{"start":{"line":15,"column":0},"end":{"line":15,"column":12}},"15":{"start":{"line":16,"column":0},"end":{"line":16,"column":22}},"16":{"start":{"line":17,"column":0},"end":{"line":17,"column":18}},"17":{"start":{"line":18,"column":0},"end":{"line":18,"column":16}},"18":{"start":{"line":19,"column":0},"end":{"line":19,"column":62}},"19":{"start":{"line":20,"column":0},"end":{"line":20,"column":74}},"20":{"start":{"line":21,"column":0},"end":{"line":21,"column":75}},"21":{"start":{"line":22,"column":0},"end":{"line":22,"column":4}},"22":{"start":{"line":23,"column":0},"end":{"line":23,"column":0}},"23":{"start":{"line":24,"column":0},"end":{"line":24,"column":48}},"24":{"start":{"line":25,"column":0},"end":{"line":25,"column":2}},"25":{"start":{"line":26,"column":0},"end":{"line":26,"column":0}},"26":{"start":{"line":27,"column":0},"end":{"line":27,"column":48}},"27":{"start":{"line":28,"column":0},"end":{"line":28,"column":45}},"28":{"start":{"line":29,"column":0},"end":{"line":29,"column":30}},"29":{"start":{"line":30,"column":0},"end":{"line":30,"column":48}},"30":{"start":{"line":31,"column":0},"end":{"line":31,"column":64}},"31":{"start":{"line":32,"column":0},"end":{"line":32,"column":22}},"32":{"start":{"line":33,"column":0},"end":{"line":33,"column":17}},"33":{"start":{"line":34,"column":0},"end":{"line":34,"column":33}},"34":{"start":{"line":35,"column":0},"end":{"line":35,"column":4}},"35":{"start":{"line":36,"column":0},"end":{"line":36,"column":0}},"36":{"start":{"line":37,"column":0},"end":{"line":37,"column":64}},"37":{"start":{"line":38,"column":0},"end":{"line":38,"column":2}}},"s":{"0":1,"1":1,"2":1,"3":1,"4":1,"5":1,"6":1,"7":28,"8":28,"9":28,"10":28,"11":28,"12":28,"13":28,"14":28,"15":28,"16":28,"17":28,"18":28,"19":28,"20":28,"21":28,"22":28,"23":28,"24":28,"25":1,"26":1,"27":28,"28":28,"29":28,"30":28,"31":28,"32":28,"33":28,"34":28,"35":28,"36":28,"37":28},"branchMap":{"0":{"type":"branch","line":7,"loc":{"start":{"line":7,"column":36},"end":{"line":25,"column":2}},"locations":[{"start":{"line":7,"column":36},"end":{"line":25,"column":2}}]},"1":{"type":"branch","line":27,"loc":{"start":{"line":27,"column":47},"end":{"line":38,"column":2}},"locations":[{"start":{"line":27,"column":47},"end":{"line":38,"column":2}}]},"2":{"type":"branch","line":34,"loc":{"start":{"line":34,"column":17},"end":{"line":34,"column":19}},"locations":[{"start":{"line":34,"column":17},"end":{"line":34,"column":19}}]},"3":{"type":"branch","line":34,"loc":{"start":{"line":34,"column":17},"end":{"line":34,"column":21}},"locations":[{"start":{"line":34,"column":17},"end":{"line":34,"column":21}}]},"4":{"type":"branch","line":34,"loc":{"start":{"line":34,"column":21},"end":{"line":34,"column":33}},"locations":[{"start":{"line":34,"column":21},"end":{"line":34,"column":33}}]}},"b":{"0":[28],"1":[28],"2":[1],"3":[27],"4":[21]},"fnMap":{"0":{"name":"createMockIngredient","decl":{"start":{"line":7,"column":36},"end":{"line":25,"column":2}},"loc":{"start":{"line":7,"column":36},"end":{"line":25,"column":2}},"line":7},"1":{"name":"createMockConstructorIngredient","decl":{"start":{"line":27,"column":47},"end":{"line":38,"column":2}},"loc":{"start":{"line":27,"column":47},"end":{"line":38,"column":2}},"line":27}},"f":{"0":28,"1":28}}
,"C:\\Users\\unnic\\dev\\stellar-burgers\\src\\services\\slices\\feedSlice\\feedSlice.ts": {"path":"C:\\Users\\unnic\\dev\\stellar-burgers\\src\\services\\slices\\feedSlice\\feedSlice.ts","all":false,"statementMap":{"0":{"start":{"line":1,"column":0},"end":{"line":1,"column":65}},"1":{"start":{"line":2,"column":0},"end":{"line":2,"column":26}},"2":{"start":{"line":3,"column":0},"end":{"line":3,"column":48}},"3":{"start":{"line":4,"column":0},"end":{"line":4,"column":35}},"4":{"start":{"line":5,"column":0},"end":{"line":5,"column":38}},"5":{"start":{"line":6,"column":0},"end":{"line":6,"column":53}},"6":{"start":{"line":7,"column":0},"end":{"line":7,"column":0}},"7":{"start":{"line":8,"column":0},"end":{"line":8,"column":31}},"8":{"start":{"line":9,"column":0},"end":{"line":9,"column":19}},"9":{"start":{"line":10,"column":0},"end":{"line":10,"column":22}},"10":{"start":{"line":11,"column":0},"end":{"line":11,"column":27}},"11":{"start":{"line":12,"column":0},"end":{"line":12,"column":35}},"12":{"start":{"line":13,"column":0},"end":{"line":13,"column":24}},"13":{"start":{"line":14,"column":0},"end":{"line":14,"column":2}},"14":{"start":{"line":15,"column":0},"end":{"line":15,"column":0}},"15":{"start":{"line":16,"column":0},"end":{"line":16,"column":46}},"16":{"start":{"line":17,"column":0},"end":{"line":17,"column":13}},"17":{"start":{"line":18,"column":0},"end":{"line":18,"column":17}},"18":{"start":{"line":19,"column":0},"end":{"line":19,"column":22}},"19":{"start":{"line":20,"column":0},"end":{"line":20,"column":14}},"20":{"start":{"line":21,"column":0},"end":{"line":21,"column":21}},"21":{"start":{"line":22,"column":0},"end":{"line":22,"column":2}},"22":{"start":{"line":23,"column":0},"end":{"line":23,"column":0}},"23":{"start":{"line":24,"column":0},"end":{"line":24,"column":38}},"24":{"start":{"line":25,"column":0},"end":{"line":25,"column":15}},"25":{"start":{"line":26,"column":0},"end":{"line":26,"column":29}},"26":{"start":{"line":27,"column":0},"end":{"line":27,"column":15}},"27":{"start":{"line":28,"column":0},"end":{"line":28,"column":26}},"28":{"start":{"line":29,"column":0},"end":{"line":29,"column":11}},"29":{"start":{"line":30,"column":0},"end":{"line":30,"column":53}},"30":{"start":{"line":31,"column":0},"end":{"line":31,"column":27}},"31":{"start":{"line":32,"column":0},"end":{"line":32,"column":35}},"32":{"start":{"line":33,"column":0},"end":{"line":33,"column":8}},"33":{"start":{"line":34,"column":0},"end":{"line":34,"column":63}},"34":{"start":{"line":35,"column":0},"end":{"line":35,"column":45}},"35":{"start":{"line":36,"column":0},"end":{"line":36,"column":49}},"36":{"start":{"line":37,"column":0},"end":{"line":37,"column":59}},"37":{"start":{"line":38,"column":0},"end":{"line":38,"column":34}},"38":{"start":{"line":39,"column":0},"end":{"line":39,"column":27}},"39":{"start":{"line":40,"column":0},"end":{"line":40,"column":8}},"40":{"start":{"line":41,"column":0},"end":{"line":41,"column":0}},"41":{"start":{"line":42,"column":0},"end":{"line":42,"column":62}},"42":{"start":{"line":43,"column":0},"end":{"line":43,"column":43}},"43":{"start":{"line":44,"column":0},"end":{"line":44,"column":35}},"44":{"start":{"line":45,"column":0},"end":{"line":45,"column":9}},"45":{"start":{"line":46,"column":0},"end":{"line":46,"column":3}},"46":{"start":{"line":47,"column":0},"end":{"line":47,"column":3}},"47":{"start":{"line":48,"column":0},"end":{"line":48,"column":0}},"48":{"start":{"line":49,"column":0},"end":{"line":49,"column":49}},"49":{"start":{"line":50,"column":0},"end":{"line":50,"column":26}},"50":{"start":{"line":51,"column":0},"end":{"line":51,"column":37}},"51":{"start":{"line":52,"column":0},"end":{"line":52,"column":41}},"52":{"start":{"line":53,"column":0},"end":{"line":53,"column":28}},"53":{"start":{"line":54,"column":0},"end":{"line":54,"column":39}},"54":{"start":{"line":55,"column":0},"end":{"line":55,"column":5}},"55":{"start":{"line":56,"column":0},"end":{"line":56,"column":20}},"56":{"start":{"line":57,"column":0},"end":{"line":57,"column":3}},"57":{"start":{"line":58,"column":0},"end":{"line":58,"column":2}},"58":{"start":{"line":59,"column":0},"end":{"line":59,"column":0}},"59":{"start":{"line":60,"column":0},"end":{"line":60,"column":68}},"60":{"start":{"line":61,"column":0},"end":{"line":61,"column":20}},"61":{"start":{"line":62,"column":0},"end":{"line":62,"column":70}},"62":{"start":{"line":63,"column":0},"end":{"line":63,"column":25}},"63":{"start":{"line":64,"column":0},"end":{"line":64,"column":75}},"64":{"start":{"line":65,"column":0},"end":{"line":65,"column":30}},"65":{"start":{"line":66,"column":0},"end":{"line":66,"column":68}},"66":{"start":{"line":67,"column":0},"end":{"line":67,"column":19}},"67":{"start":{"line":68,"column":0},"end":{"line":68,"column":71}},"68":{"start":{"line":69,"column":0},"end":{"line":69,"column":26}},"69":{"start":{"line":70,"column":0},"end":{"line":70,"column":0}},"70":{"start":{"line":71,"column":0},"end":{"line":71,"column":50}}},"s":{"0":1,"1":1,"2":1,"3":1,"4":1,"5":1,"6":1,"7":1,"8":1,"9":1,"10":1,"11":1,"12":1,"13":1,"14":1,"15":1,"16":1,"17":1,"18":1,"19":1,"20":1,"21":1,"22":1,"23":1,"24":1,"25":1,"26":1,"27":1,"28":1,"29":1,"30":3,"31":3,"32":1,"33":1,"34":1,"35":1,"36":1,"37":1,"38":1,"39":1,"40":1,"41":1,"42":2,"43":2,"44":1,"45":1,"46":1,"47":1,"48":1,"49":1,"50":1,"51":3,"52":2,"53":0,"54":1,"55":1,"56":1,"57":1,"58":1,"59":1,"60":0,"61":1,"62":1,"63":1,"64":1,"65":1,"66":1,"67":1,"68":1,"69":1,"70":1},"branchMap":{"0":{"type":"branch","line":2,"loc":{"start":{"line":2,"column":0},"end":{"line":2,"column":26}},"locations":[{"start":{"line":2,"column":0},"end":{"line":2,"column":26}}]},"1":{"type":"branch","line":2,"loc":{"start":{"line":2,"column":0},"end":{"line":2,"column":26}},"locations":[{"start":{"line":2,"column":0},"end":{"line":2,"column":26}}]},"2":{"type":"branch","line":2,"loc":{"start":{"line":2,"column":0},"end":{"line":2,"column":26}},"locations":[{"start":{"line":2,"column":0},"end":{"line":2,"column":26}}]},"3":{"type":"branch","line":2,"loc":{"start":{"line":2,"column":0},"end":{"line":2,"column":26}},"locations":[{"start":{"line":2,"column":0},"end":{"line":2,"column":26}}]},"4":{"type":"branch","line":2,"loc":{"start":{"line":2,"column":0},"end":{"line":2,"column":26}},"locations":[{"start":{"line":2,"column":0},"end":{"line":2,"column":26}}]},"5":{"type":"branch","line":2,"loc":{"start":{"line":2,"column":0},"end":{"line":2,"column":26}},"locations":[{"start":{"line":2,"column":0},"end":{"line":2,"column":26}}]},"6":{"type":"branch","line":2,"loc":{"start":{"line":2,"column":0},"end":{"line":2,"column":26}},"locations":[{"start":{"line":2,"column":0},"end":{"line":2,"column":26}}]},"7":{"type":"branch","line":2,"loc":{"start":{"line":2,"column":0},"end":{"line":2,"column":26}},"locations":[{"start":{"line":2,"column":0},"end":{"line":2,"column":26}}]},"8":{"type":"branch","line":2,"loc":{"start":{"line":2,"column":0},"end":{"line":2,"column":26}},"locations":[{"start":{"line":2,"column":0},"end":{"line":2,"column":26}}]},"9":{"type":"branch","line":2,"loc":{"start":{"line":2,"column":0},"end":{"line":2,"column":26}},"locations":[{"start":{"line":2,"column":0},"end":{"line":2,"column":26}}]},"10":{"type":"branch","line":28,"loc":{"start":{"line":28,"column":15},"end":{"line":46,"column":3}},"locations":[{"start":{"line":28,"column":15},"end":{"line":46,"column":3}}]},"11":{"type":"branch","line":30,"loc":{"start":{"line":30,"column":41},"end":{"line":33,"column":7}},"locations":[{"start":{"line":30,"column":41},"end":{"line":33,"column":7}}]},"12":{"type":"branch","line":34,"loc":{"start":{"line":34,"column":43},"end":{"line":40,"column":7}},"locations":[{"start":{"line":34,"column":43},"end":{"line":40,"column":7}}]},"13":{"type":"branch","line":42,"loc":{"start":{"line":42,"column":42},"end":{"line":45,"column":7}},"locations":[{"start":{"line":42,"column":42},"end":{"line":45,"column":7}}]},"14":{"type":"branch","line":50,"loc":{"start":{"line":50,"column":25},"end":{"line":57,"column":3}},"locations":[{"start":{"line":50,"column":25},"end":{"line":57,"column":3}}]},"15":{"type":"branch","line":51,"loc":{"start":{"line":51,"column":2},"end":{"line":56,"column":20}},"locations":[{"start":{"line":51,"column":2},"end":{"line":56,"column":20}}]},"16":{"type":"branch","line":51,"loc":{"start":{"line":51,"column":10},"end":{"line":56,"column":20}},"locations":[{"start":{"line":51,"column":10},"end":{"line":56,"column":20}}]},"17":{"type":"branch","line":51,"loc":{"start":{"line":51,"column":10},"end":{"line":56,"column":20}},"locations":[{"start":{"line":51,"column":10},"end":{"line":56,"column":20}}]},"18":{"type":"branch","line":51,"loc":{"start":{"line":51,"column":10},"end":{"line":52,"column":41}},"locations":[{"start":{"line":51,"column":10},"end":{"line":52,"column":41}}]},"19":{"type":"branch","line":52,"loc":{"start":{"line":52,"column":40},"end":{"line":54,"column":39}},"locations":[{"start":{"line":52,"column":40},"end":{"line":54,"column":39}}]},"20":{"type":"branch","line":53,"loc":{"start":{"line":53,"column":25},"end":{"line":53,"column":28}},"locations":[{"start":{"line":53,"column":25},"end":{"line":53,"column":28}}]},"21":{"type":"branch","line":53,"loc":{"start":{"line":53,"column":25},"end":{"line":54,"column":39}},"locations":[{"start":{"line":53,"column":25},"end":{"line":54,"column":39}}]},"22":{"type":"branch","line":54,"loc":{"start":{"line":54,"column":38},"end":{"line":56,"column":20}},"locations":[{"start":{"line":54,"column":38},"end":{"line":56,"column":20}}]},"23":{"type":"branch","line":56,"loc":{"start":{"line":56,"column":19},"end":{"line":56,"column":20}},"locations":[{"start":{"line":56,"column":19},"end":{"line":56,"column":20}}]},"24":{"type":"branch","line":56,"loc":{"start":{"line":56,"column":19},"end":{"line":56,"column":20}},"locations":[{"start":{"line":56,"column":19},"end":{"line":56,"column":20}}]},"25":{"type":"branch","line":62,"loc":{"start":{"line":62,"column":33},"end":{"line":63,"column":25}},"locations":[{"start":{"line":62,"column":33},"end":{"line":63,"column":25}}]},"26":{"type":"branch","line":64,"loc":{"start":{"line":64,"column":38},"end":{"line":65,"column":30}},"locations":[{"start":{"line":64,"column":38},"end":{"line":65,"column":30}}]},"27":{"type":"branch","line":66,"loc":{"start":{"line":66,"column":31},"end":{"line":67,"column":19}},"locations":[{"start":{"line":66,"column":31},"end":{"line":67,"column":19}}]},"28":{"type":"branch","line":68,"loc":{"start":{"line":68,"column":34},"end":{"line":69,"column":26}},"locations":[{"start":{"line":68,"column":34},"end":{"line":69,"column":26}}]}},"b":{"0":[6],"1":[2],"2":[4],"3":[1],"4":[3],"5":[1],"6":[3],"7":[3],"8":[5],"9":[1],"10":[1],"11":[3],"12":[1],"13":[2],"14":[1],"15":[3],"16":[8],"17":[9],"18":[3],"19":[2],"20":[1],"21":[0],"22":[1],"23":[0],"24":[3],"25":[1],"26":[1],"27":[1],"28":[1]},"fnMap":{"0":{"name":"asyncGeneratorStep","decl":{"start":{"line":2,"column":0},"end":{"line":2,"column":26}},"loc":{"start":{"line":2,"column":0},"end":{"line":2,"column":26}},"line":2},"1":{"name":"_asyncToGenerator","decl":{"start":{"line":2,"column":0},"end":{"line":2,"column":26}},"loc":{"start":{"line":2,"column":0},"end":{"line":2,"column":26}},"line":2},"2":{"name":"_next","decl":{"start":{"line":2,"column":0},"end":{"line":2,"column":26}},"loc":{"start":{"line":2,"column":0},"end":{"line":2,"column":26}},"line":2},"3":{"name":"_throw","decl":{"start":{"line":2,"column":0},"end":{"line":2,"column":26}},"loc":{"start":{"line":2,"column":0},"end":{"line":2,"column":26}},"line":2},"4":{"name":"extraReducers","decl":{"start":{"line":28,"column":15},"end":{"line":46,"column":3}},"loc":{"start":{"line":28,"column":15},"end":{"line":46,"column":3}},"line":28},"5":{"name":"_callee","decl":{"start":{"line":51,"column":2},"end":{"line":56,"column":20}},"loc":{"start":{"line":51,"column":2},"end":{"line":56,"column":20}},"line":51},"6":{"name":"_callee$","decl":{"start":{"line":51,"column":10},"end":{"line":56,"column":20}},"loc":{"start":{"line":51,"column":10},"end":{"line":56,"column":20}},"line":51},"7":{"name":"selectAllOrders","decl":{"start":{"line":60,"column":31},"end":{"line":61,"column":20}},"loc":{"start":{"line":60,"column":31},"end":{"line":61,"column":20}},"line":60},"8":{"name":"selectTotalOrders","decl":{"start":{"line":62,"column":33},"end":{"line":63,"column":25}},"loc":{"start":{"line":62,"column":33},"end":{"line":63,"column":25}},"line":62},"9":{"name":"selectTotalOrdersToday","decl":{"start":{"line":64,"column":38},"end":{"line":65,"column":30}},"loc":{"start":{"line":64,"column":38},"end":{"line":65,"column":30}},"line":64},"10":{"name":"selectFeedError","decl":{"start":{"line":66,"column":31},"end":{"line":67,"column":19}},"loc":{"start":{"line":66,"column":31},"end":{"line":67,"column":19}},"line":66},"11":{"name":"selectIsFeedLoaded","decl":{"start":{"line":68,"column":34},"end":{"line":69,"column":26}},"loc":{"start":{"line":68,"column":34},"end":{"line":69,"column":26}},"line":68}},"f":{"0":6,"1":1,"2":5,"3":1,"4":1,"5":3,"6":8,"7":0,"8":1,"9":1,"10":1,"11":1}}
}
