TN:
SF:src\services\slices\burgerSlice\burgerSlice.ts
FN:26,reducer
FN:33,prepare
FN:39,deleteIngredient
FN:45,clearBurgerConstructor
FN:72,moveIngredientUp
FN:82,moveIngredientDown
FN:107,selectBurgerSlice
FNF:7
FNH:7
FNDA:16,reducer
FNDA:16,prepare
FNDA:3,deleteIngredient
FNDA:2,clearBurgerConstructor
FNDA:2,moveIngredientUp
FNDA:2,moveIngredientDown
FNDA:2,selectBurgerSlice
DA:1,1
DA:2,1
DA:3,1
DA:4,1
DA:5,1
DA:6,1
DA:7,1
DA:8,1
DA:9,1
DA:10,1
DA:11,1
DA:12,1
DA:13,1
DA:14,1
DA:15,1
DA:16,1
DA:17,1
DA:18,1
DA:19,1
DA:20,1
DA:21,1
DA:22,1
DA:23,1
DA:24,1
DA:25,1
DA:26,1
DA:27,16
DA:28,5
DA:29,16
DA:30,11
DA:31,11
DA:32,1
DA:33,1
DA:34,16
DA:35,16
DA:36,16
DA:37,1
DA:38,1
DA:39,1
DA:40,3
DA:41,3
DA:42,3
DA:43,1
DA:44,1
DA:45,1
DA:46,1
DA:47,1
DA:48,1
DA:49,1
DA:50,1
DA:51,1
DA:52,1
DA:53,1
DA:54,1
DA:55,1
DA:56,1
DA:57,1
DA:58,1
DA:59,1
DA:60,1
DA:61,1
DA:62,1
DA:63,1
DA:64,1
DA:65,1
DA:66,1
DA:67,1
DA:68,1
DA:69,1
DA:70,1
DA:71,1
DA:72,1
DA:73,2
DA:74,2
DA:75,1
DA:76,1
DA:77,1
DA:78,1
DA:79,1
DA:80,1
DA:81,1
DA:82,1
DA:83,2
DA:84,2
DA:85,1
DA:86,1
DA:87,1
DA:88,1
DA:89,1
DA:90,1
DA:91,1
DA:92,1
DA:93,1
DA:94,1
DA:95,1
DA:96,1
DA:97,1
DA:98,1
DA:99,1
DA:100,1
DA:101,1
DA:102,1
DA:103,1
DA:104,1
DA:105,1
DA:106,1
DA:107,1
DA:108,1
DA:109,1
DA:110,1
DA:111,1
DA:112,1
DA:113,1
DA:114,1
DA:115,1
DA:116,1
DA:117,1
DA:118,1
DA:119,1
LF:119
LH:119
BRDA:26,0,0,16
BRDA:27,1,0,5
BRDA:29,2,0,11
BRDA:33,3,0,16
BRDA:39,4,0,3
BRDA:41,5,0,3
BRDA:45,6,0,2
BRDA:72,7,0,2
BRDA:74,8,0,1
BRDA:82,9,0,2
BRDA:84,10,0,1
BRDA:107,11,0,2
BRDA:111,12,0,1
BRDA:116,13,0,1
BRF:14
BRH:14
end_of_record
TN:
SF:src\services\slices\burgerSlice\test-utils.ts
FN:7,createMockIngredient
FN:27,createMockConstructorIngredient
FNF:2
FNH:2
FNDA:28,createMockIngredient
FNDA:28,createMockConstructorIngredient
DA:1,1
DA:2,1
DA:3,1
DA:4,1
DA:5,1
DA:6,1
DA:7,1
DA:8,28
DA:9,28
DA:10,28
DA:11,28
DA:12,28
DA:13,28
DA:14,28
DA:15,28
DA:16,28
DA:17,28
DA:18,28
DA:19,28
DA:20,28
DA:21,28
DA:22,28
DA:23,28
DA:24,28
DA:25,28
DA:26,1
DA:27,1
DA:28,28
DA:29,28
DA:30,28
DA:31,28
DA:32,28
DA:33,28
DA:34,28
DA:35,28
DA:36,28
DA:37,28
DA:38,28
LF:38
LH:38
BRDA:7,0,0,28
BRDA:27,1,0,28
BRDA:34,2,0,1
BRDA:34,3,0,27
BRDA:34,4,0,21
BRF:5
BRH:5
end_of_record
TN:
SF:src\services\slices\feedSlice\feedSlice.ts
FN:2,asyncGeneratorStep
FN:2,_asyncToGenerator
FN:2,_next
FN:2,_throw
FN:28,extraReducers
FN:51,_callee
FN:51,_callee$
FN:60,selectAllOrders
FN:62,selectTotalOrders
FN:64,selectTotalOrdersToday
FN:66,selectFeedError
FN:68,selectIsFeedLoaded
FNF:12
FNH:11
FNDA:6,asyncGeneratorStep
FNDA:1,_asyncToGenerator
FNDA:5,_next
FNDA:1,_throw
FNDA:1,extraReducers
FNDA:3,_callee
FNDA:8,_callee$
FNDA:0,selectAllOrders
FNDA:1,selectTotalOrders
FNDA:1,selectTotalOrdersToday
FNDA:1,selectFeedError
FNDA:1,selectIsFeedLoaded
DA:1,1
DA:2,1
DA:3,1
DA:4,1
DA:5,1
DA:6,1
DA:7,1
DA:8,1
DA:9,1
DA:10,1
DA:11,1
DA:12,1
DA:13,1
DA:14,1
DA:15,1
DA:16,1
DA:17,1
DA:18,1
DA:19,1
DA:20,1
DA:21,1
DA:22,1
DA:23,1
DA:24,1
DA:25,1
DA:26,1
DA:27,1
DA:28,1
DA:29,1
DA:30,1
DA:31,3
DA:32,3
DA:33,1
DA:34,1
DA:35,1
DA:36,1
DA:37,1
DA:38,1
DA:39,1
DA:40,1
DA:41,1
DA:42,1
DA:43,2
DA:44,2
DA:45,1
DA:46,1
DA:47,1
DA:48,1
DA:49,1
DA:50,1
DA:51,1
DA:52,3
DA:53,2
DA:54,0
DA:55,1
DA:56,1
DA:57,1
DA:58,1
DA:59,1
DA:60,1
DA:61,0
DA:62,1
DA:63,1
DA:64,1
DA:65,1
DA:66,1
DA:67,1
DA:68,1
DA:69,1
DA:70,1
DA:71,1
LF:71
LH:69
BRDA:2,0,0,6
BRDA:2,1,0,2
BRDA:2,2,0,4
BRDA:2,3,0,1
BRDA:2,4,0,3
BRDA:2,5,0,1
BRDA:2,6,0,3
BRDA:2,7,0,3
BRDA:2,8,0,5
BRDA:2,9,0,1
BRDA:28,10,0,1
BRDA:30,11,0,3
BRDA:34,12,0,1
BRDA:42,13,0,2
BRDA:50,14,0,1
BRDA:51,15,0,3
BRDA:51,16,0,8
BRDA:51,17,0,9
BRDA:51,18,0,3
BRDA:52,19,0,2
BRDA:53,20,0,1
BRDA:53,21,0,0
BRDA:54,22,0,1
BRDA:56,23,0,0
BRDA:56,24,0,3
BRDA:62,25,0,1
BRDA:64,26,0,1
BRDA:66,27,0,1
BRDA:68,28,0,1
BRF:29
BRH:27
end_of_record
