TN:
SF:src\services\slices\test-utils.ts
FN:5,createMockIngredient
FN:25,createMockConstructorIngredient
FN:38,createMockRootState
FNF:3
FNH:1
FNDA:0,createMockIngredient
FNDA:0,createMockConstructorIngredient
FNDA:3,createMockRootState
DA:1,1
DA:2,1
DA:3,1
DA:4,1
DA:5,1
DA:6,0
DA:7,0
DA:8,0
DA:9,0
DA:10,0
DA:11,0
DA:12,0
DA:13,0
DA:14,0
DA:15,0
DA:16,0
DA:17,0
DA:18,0
DA:19,0
DA:20,0
DA:21,0
DA:22,0
DA:23,0
DA:24,1
DA:25,1
DA:26,0
DA:27,0
DA:28,0
DA:29,0
DA:30,0
DA:31,0
DA:32,0
DA:33,0
DA:34,0
DA:35,0
DA:36,0
DA:37,1
DA:38,1
DA:39,3
DA:40,3
DA:41,3
DA:42,3
DA:43,3
DA:44,3
DA:45,3
DA:46,3
DA:47,3
DA:48,3
DA:49,3
DA:50,3
DA:51,3
DA:52,3
DA:53,3
DA:54,3
DA:55,3
DA:56,3
DA:57,3
DA:58,3
DA:59,3
DA:60,3
DA:61,3
DA:62,3
DA:63,3
DA:64,3
DA:65,3
DA:66,3
DA:67,3
DA:68,3
DA:69,3
DA:70,3
DA:71,3
DA:72,3
DA:73,3
DA:74,3
LF:74
LH:45
BRDA:38,0,0,3
BRF:1
BRH:1
end_of_record
TN:
SF:src\services\slices\burgerSlice\burgerSlice.ts
FN:26,reducer
FN:33,prepare
FN:39,deleteIngredient
FN:45,clearBurgerConstructor
FN:72,moveIngredientUp
FN:82,moveIngredientDown
FN:107,selectBurgerSlice
FNF:7
FNH:7
FNDA:16,reducer
FNDA:16,prepare
FNDA:3,deleteIngredient
FNDA:2,clearBurgerConstructor
FNDA:2,moveIngredientUp
FNDA:2,moveIngredientDown
FNDA:2,selectBurgerSlice
DA:1,1
DA:2,1
DA:3,1
DA:4,1
DA:5,1
DA:6,1
DA:7,1
DA:8,1
DA:9,1
DA:10,1
DA:11,1
DA:12,1
DA:13,1
DA:14,1
DA:15,1
DA:16,1
DA:17,1
DA:18,1
DA:19,1
DA:20,1
DA:21,1
DA:22,1
DA:23,1
DA:24,1
DA:25,1
DA:26,1
DA:27,16
DA:28,5
DA:29,16
DA:30,11
DA:31,11
DA:32,1
DA:33,1
DA:34,16
DA:35,16
DA:36,16
DA:37,1
DA:38,1
DA:39,1
DA:40,3
DA:41,3
DA:42,3
DA:43,1
DA:44,1
DA:45,1
DA:46,1
DA:47,1
DA:48,1
DA:49,1
DA:50,1
DA:51,1
DA:52,1
DA:53,1
DA:54,1
DA:55,1
DA:56,1
DA:57,1
DA:58,1
DA:59,1
DA:60,1
DA:61,1
DA:62,1
DA:63,1
DA:64,1
DA:65,1
DA:66,1
DA:67,1
DA:68,1
DA:69,1
DA:70,1
DA:71,1
DA:72,1
DA:73,2
DA:74,2
DA:75,1
DA:76,1
DA:77,1
DA:78,1
DA:79,1
DA:80,1
DA:81,1
DA:82,1
DA:83,2
DA:84,2
DA:85,1
DA:86,1
DA:87,1
DA:88,1
DA:89,1
DA:90,1
DA:91,1
DA:92,1
DA:93,1
DA:94,1
DA:95,1
DA:96,1
DA:97,1
DA:98,1
DA:99,1
DA:100,1
DA:101,1
DA:102,1
DA:103,1
DA:104,1
DA:105,1
DA:106,1
DA:107,1
DA:108,1
DA:109,1
DA:110,1
DA:111,1
DA:112,1
DA:113,1
DA:114,1
DA:115,1
DA:116,1
DA:117,1
DA:118,1
DA:119,1
LF:119
LH:119
BRDA:26,0,0,16
BRDA:27,1,0,5
BRDA:29,2,0,11
BRDA:33,3,0,16
BRDA:39,4,0,3
BRDA:41,5,0,3
BRDA:45,6,0,2
BRDA:72,7,0,2
BRDA:74,8,0,1
BRDA:82,9,0,2
BRDA:84,10,0,1
BRDA:107,11,0,2
BRDA:111,12,0,1
BRDA:116,13,0,1
BRF:14
BRH:14
end_of_record
TN:
SF:src\services\slices\burgerSlice\test-utils.ts
FN:7,createMockIngredient
FN:27,createMockConstructorIngredient
FNF:2
FNH:2
FNDA:4,createMockIngredient
FNDA:28,createMockConstructorIngredient
DA:1,1
DA:2,1
DA:3,1
DA:4,1
DA:5,1
DA:6,1
DA:7,1
DA:8,4
DA:9,4
DA:10,4
DA:11,4
DA:12,4
DA:13,4
DA:14,4
DA:15,4
DA:16,4
DA:17,4
DA:18,4
DA:19,4
DA:20,4
DA:21,4
DA:22,4
DA:23,4
DA:24,4
DA:25,4
DA:26,1
DA:27,1
DA:28,28
DA:29,28
DA:30,28
DA:31,28
DA:32,28
DA:33,28
DA:34,28
DA:35,28
DA:36,28
DA:37,28
DA:38,28
LF:38
LH:38
BRDA:7,0,0,4
BRDA:27,1,0,28
BRDA:34,2,0,1
BRDA:34,3,0,27
BRDA:34,4,0,21
BRF:5
BRH:5
end_of_record
TN:
SF:src\services\slices\feedSlice\feedSlice.ts
FN:28,extraReducers
FN:60,selectAllOrders
FN:62,selectTotalOrders
FN:64,selectTotalOrdersToday
FN:66,selectFeedError
FN:68,selectIsFeedLoaded
FNF:6
FNH:5
FNDA:1,extraReducers
FNDA:0,selectAllOrders
FNDA:1,selectTotalOrders
FNDA:1,selectTotalOrdersToday
FNDA:1,selectFeedError
FNDA:1,selectIsFeedLoaded
DA:1,1
DA:2,1
DA:3,1
DA:4,1
DA:5,1
DA:6,1
DA:7,1
DA:8,1
DA:9,1
DA:10,1
DA:11,1
DA:12,1
DA:13,1
DA:14,1
DA:15,1
DA:16,1
DA:17,1
DA:18,1
DA:19,1
DA:20,1
DA:21,1
DA:22,1
DA:23,1
DA:24,1
DA:25,1
DA:26,1
DA:27,1
DA:28,1
DA:29,1
DA:30,1
DA:31,3
DA:32,3
DA:33,1
DA:34,1
DA:35,1
DA:36,1
DA:37,1
DA:38,1
DA:39,1
DA:40,1
DA:41,1
DA:42,1
DA:43,2
DA:44,2
DA:45,1
DA:46,1
DA:47,1
DA:48,1
DA:49,1
DA:50,1
DA:51,1
DA:52,3
DA:53,3
DA:54,0
DA:55,0
DA:56,1
DA:57,3
DA:58,1
DA:59,1
DA:60,1
DA:61,0
DA:62,1
DA:63,1
DA:64,1
DA:65,1
DA:66,1
DA:67,1
DA:68,1
DA:69,1
DA:70,1
DA:71,1
LF:71
LH:68
BRDA:28,0,0,1
BRDA:30,1,0,3
BRDA:34,2,0,1
BRDA:42,3,0,2
BRDA:51,4,0,3
BRDA:51,5,0,3
BRDA:52,6,0,3
BRDA:53,7,0,0
BRDA:56,8,0,1
BRDA:62,9,0,1
BRDA:64,10,0,1
BRDA:66,11,0,1
BRDA:68,12,0,1
BRF:13
BRH:12
end_of_record
TN:
SF:src\services\slices\ingredientsSlice\ingredientsSlice.ts
FN:30,extraReducers
FN:70,selectIngredientsSlice
FNF:2
FNH:2
FNDA:1,extraReducers
FNDA:3,selectIngredientsSlice
DA:1,1
DA:2,1
DA:3,1
DA:4,1
DA:5,1
DA:6,1
DA:7,1
DA:8,1
DA:9,1
DA:10,1
DA:11,1
DA:12,1
DA:13,1
DA:14,1
DA:15,1
DA:16,1
DA:17,1
DA:18,1
DA:19,1
DA:20,1
DA:21,1
DA:22,1
DA:23,1
DA:24,1
DA:25,1
DA:26,1
DA:27,1
DA:28,1
DA:29,1
DA:30,1
DA:31,1
DA:32,1
DA:33,1
DA:34,1
DA:35,1
DA:36,1
DA:37,1
DA:38,1
DA:39,1
DA:40,1
DA:41,1
DA:42,1
DA:43,1
DA:44,1
DA:45,1
DA:46,1
DA:47,1
DA:48,1
DA:49,1
DA:50,1
DA:51,1
DA:52,1
DA:53,0
DA:54,0
DA:55,0
DA:56,0
DA:57,0
DA:58,0
DA:59,0
DA:60,0
DA:61,0
DA:62,0
DA:63,0
DA:64,0
DA:65,0
DA:66,0
DA:67,0
DA:68,1
DA:69,1
DA:70,1
DA:71,1
DA:72,1
DA:73,1
DA:74,1
DA:75,1
DA:76,1
DA:77,1
DA:78,1
DA:79,1
DA:80,1
DA:81,1
DA:82,1
DA:83,1
DA:84,1
DA:85,1
DA:86,1
DA:87,1
LF:87
LH:72
BRDA:30,0,0,1
BRDA:32,1,0,1
BRDA:38,2,0,1
BRDA:43,3,0,1
BRDA:70,4,0,3
BRDA:74,5,0,1
BRDA:79,6,0,1
BRDA:84,7,0,1
BRF:8
BRH:8
end_of_record
TN:
SF:src\utils\burger-api.ts
FN:6,checkResponse
FN:22,refreshToken
FN:46,fetchWithRefresh
FN:82,getIngredientsApi
FN:90,getFeedsApi
FN:98,getOrdersApi
FN:115,orderBurgerApi
FN:134,getOrderByNumberApi
FN:154,registerUserApi
FN:173,loginUserApi
FN:187,forgotPasswordApi
FN:201,resetPasswordApi
FN:217,getUserApi
FN:224,updateUserApi
FN:240,logoutApi
FNF:15
FNH:3
FNDA:1,checkResponse
FNDA:2,refreshToken
FNDA:0,fetchWithRefresh
FNDA:0,getIngredientsApi
FNDA:0,getFeedsApi
FNDA:0,getOrdersApi
FNDA:0,orderBurgerApi
FNDA:0,getOrderByNumberApi
FNDA:0,registerUserApi
FNDA:0,loginUserApi
FNDA:0,forgotPasswordApi
FNDA:0,resetPasswordApi
FNDA:0,getUserApi
FNDA:2,updateUserApi
FNDA:0,logoutApi
DA:1,1
DA:2,1
DA:3,1
DA:4,1
DA:5,1
DA:6,1
DA:7,1
DA:8,1
DA:9,1
DA:10,0
DA:11,0
DA:12,1
DA:13,1
DA:14,1
DA:15,1
DA:16,1
DA:17,1
DA:18,1
DA:19,1
DA:20,1
DA:21,1
DA:22,1
DA:23,2
DA:24,2
DA:25,2
DA:26,2
DA:27,2
DA:28,2
DA:29,2
DA:30,2
DA:31,2
DA:32,2
DA:33,2
DA:34,1
DA:35,1
DA:36,2
DA:37,2
DA:38,1
DA:39,1
DA:40,2
DA:41,2
DA:42,1
DA:43,1
DA:44,2
DA:45,1
DA:46,1
DA:47,0
DA:48,0
DA:49,0
DA:50,0
DA:51,0
DA:52,0
DA:53,0
DA:54,0
DA:55,0
DA:56,0
DA:57,0
DA:58,0
DA:59,0
DA:60,0
DA:61,0
DA:62,0
DA:63,0
DA:64,0
DA:65,0
DA:66,0
DA:67,1
DA:68,1
DA:69,1
DA:70,1
DA:71,1
DA:72,1
DA:73,1
DA:74,1
DA:75,1
DA:76,1
DA:77,1
DA:78,1
DA:79,1
DA:80,1
DA:81,1
DA:82,1
DA:83,0
DA:84,0
DA:85,0
DA:86,0
DA:87,0
DA:88,0
DA:89,1
DA:90,1
DA:91,0
DA:92,0
DA:93,0
DA:94,0
DA:95,0
DA:96,0
DA:97,1
DA:98,1
DA:99,0
DA:100,0
DA:101,0
DA:102,0
DA:103,0
DA:104,0
DA:105,0
DA:106,0
DA:107,0
DA:108,0
DA:109,1
DA:110,1
DA:111,1
DA:112,1
DA:113,1
DA:114,1
DA:115,1
DA:116,0
DA:117,0
DA:118,0
DA:119,0
DA:120,0
DA:121,0
DA:122,0
DA:123,0
DA:124,0
DA:125,0
DA:126,0
DA:127,0
DA:128,0
DA:129,1
DA:130,1
DA:131,1
DA:132,1
DA:133,1
DA:134,1
DA:135,0
DA:136,0
DA:137,0
DA:138,0
DA:139,0
DA:140,0
DA:141,1
DA:142,1
DA:143,1
DA:144,1
DA:145,1
DA:146,1
DA:147,1
DA:148,1
DA:149,1
DA:150,1
DA:151,1
DA:152,1
DA:153,1
DA:154,1
DA:155,0
DA:156,0
DA:157,0
DA:158,0
DA:159,0
DA:160,0
DA:161,0
DA:162,0
DA:163,0
DA:164,0
DA:165,0
DA:166,0
DA:167,1
DA:168,1
DA:169,1
DA:170,1
DA:171,1
DA:172,1
DA:173,1
DA:174,0
DA:175,0
DA:176,0
DA:177,0
DA:178,0
DA:179,0
DA:180,0
DA:181,0
DA:182,0
DA:183,0
DA:184,0
DA:185,0
DA:186,1
DA:187,1
DA:188,0
DA:189,0
DA:190,0
DA:191,0
DA:192,0
DA:193,0
DA:194,0
DA:195,0
DA:196,0
DA:197,0
DA:198,0
DA:199,0
DA:200,1
DA:201,1
DA:202,0
DA:203,0
DA:204,0
DA:205,0
DA:206,0
DA:207,0
DA:208,0
DA:209,0
DA:210,0
DA:211,0
DA:212,0
DA:213,0
DA:214,1
DA:215,1
DA:216,1
DA:217,1
DA:218,0
DA:219,0
DA:220,0
DA:221,0
DA:222,0
DA:223,1
DA:224,1
DA:225,2
DA:226,2
DA:227,2
DA:228,2
DA:229,2
DA:230,2
DA:231,2
DA:232,2
DA:233,2
DA:234,2
DA:235,0
DA:236,0
DA:237,0
DA:238,2
DA:239,1
DA:240,1
DA:241,0
DA:242,0
DA:243,0
DA:244,0
DA:245,0
DA:246,0
DA:247,0
DA:248,0
DA:249,0
LF:249
LH:121
BRDA:6,0,0,1
BRDA:10,1,0,0
BRDA:22,2,0,2
BRDA:32,3,0,1
BRDA:33,4,0,1
BRDA:37,5,0,1
BRDA:41,6,0,1
BRDA:224,7,0,2
BRDA:234,8,0,0
BRF:9
BRH:7
end_of_record
TN:
SF:src\utils\constants.ts
FNF:0
FNH:0
DA:1,1
LF:1
LH:1
BRF:0
BRH:0
end_of_record
TN:
SF:src\utils\cookie.ts
FN:1,getCookie
FN:13,setCookie
FN:45,deleteCookie
FNF:3
FNH:3
FNDA:7,getCookie
FNDA:7,setCookie
FNDA:1,deleteCookie
DA:1,7
DA:2,7
DA:3,7
DA:4,7
DA:5,7
DA:6,7
DA:7,7
DA:8,7
DA:9,7
DA:10,7
DA:11,7
DA:12,1
DA:13,7
DA:14,7
DA:15,7
DA:16,7
DA:17,7
DA:18,7
DA:19,7
DA:20,7
DA:21,7
DA:22,7
DA:23,7
DA:24,7
DA:25,4
DA:26,4
DA:27,4
DA:28,4
DA:29,7
DA:30,7
DA:31,5
DA:32,5
DA:33,7
DA:34,7
DA:35,7
DA:36,12
DA:37,12
DA:38,12
DA:39,12
DA:40,12
DA:41,12
DA:42,7
DA:43,7
DA:44,1
DA:45,1
DA:46,1
DA:47,1
LF:47
LH:47
BRDA:1,0,0,7
BRDA:10,1,0,5
BRDA:10,2,0,2
BRDA:13,3,0,7
BRDA:16,4,0,0
BRDA:24,5,0,5
BRDA:24,6,0,4
BRDA:30,7,0,5
BRDA:30,8,0,5
BRDA:35,9,0,12
BRDA:45,10,0,1
BRF:11
BRH:10
end_of_record
